# JRE version: OpenJDK Runtime Environment (8.0_222-b10) (build 1.8.0_222-8u222-b10-1ubuntu1~18.04.1-b10)
# Java VM: OpenJDK 64-Bit Server VM (25.222-b10 mixed mode linux-amd64 compressed oops)
Heap:
 def new generation   total 49984K, used 0K [0x00000000c0000000, 0x00000000c3630000, 0x00000000d5550000)
  eden space 44480K,   0% used [0x00000000c0000000, 0x00000000c0000000, 0x00000000c2b70000)
  from space 5504K,   0% used [0x00000000c2b70000, 0x00000000c2b70000, 0x00000000c30d0000)
  to   space 5504K,   0% used [0x00000000c30d0000, 0x00000000c30d0000, 0x00000000c3630000)
 tenured generation   total 113160K, used 106918K [0x00000000d5550000, 0x00000000dc3d2000, 0x0000000100000000)
   the space 113160K,  94% used [0x00000000d5550000, 0x00000000dbdb9a48, 0x00000000dbdb9c00, 0x00000000dc3d2000)
 Metaspace       used 99483K, capacity 102313K, committed 102360K, reserved 1138688K
  class space    used 13290K, capacity 13789K, committed 13824K, reserved 1048576K
GC Heap History (10 events):
Event: 1962.677 GC heap after
Heap after GC invocations=1657 (full 14):
 def new generation   total 49984K, used 4055K [0x00000000c0000000, 0x00000000c3630000, 0x00000000d5550000)
  eden space 44480K,   0% used [0x00000000c0000000, 0x00000000c0000000, 0x00000000c2b70000)
  from space 5504K,  73% used [0x00000000c30d0000, 0x00000000c34c5d58, 0x00000000c3630000)
  to   space 5504K,   0% used [0x00000000c2b70000, 0x00000000c2b70000, 0x00000000c30d0000)
 tenured generation   total 110856K, used 89333K [0x00000000d5550000, 0x00000000dc192000, 0x0000000100000000)
   the space 110856K,  80% used [0x00000000d5550000, 0x00000000dac8d700, 0x00000000dac8d800, 0x00000000dc192000)
 Metaspace       used 99482K, capacity 102313K, committed 102360K, reserved 1138688K
  class space    used 13290K, capacity 13789K, committed 13824K, reserved 1048576K
}
Event: 1962.730 GC heap before
{Heap before GC invocations=1657 (full 14):
 def new generation   total 49984K, used 48535K [0x00000000c0000000, 0x00000000c3630000, 0x00000000d5550000)
  eden space 44480K, 100% used [0x00000000c0000000, 0x00000000c2b70000, 0x00000000c2b70000)
  from space 5504K,  73% used [0x00000000c30d0000, 0x00000000c34c5d58, 0x00000000c3630000)
  to   space 5504K,   0% used [0x00000000c2b70000, 0x00000000c2b70000, 0x00000000c30d0000)
 tenured generation   total 110856K, used 89333K [0x00000000d5550000, 0x00000000dc192000, 0x0000000100000000)
   the space 110856K,  80% used [0x00000000d5550000, 0x00000000dac8d700, 0x00000000dac8d800, 0x00000000dc192000)
 Metaspace       used 99482K, capacity 102313K, committed 102360K, reserved 1138688K
  class space    used 13290K, capacity 13789K, committed 13824K, reserved 1048576K
Event: 1962.739 GC heap after
Heap after GC invocations=1658 (full 14):
 def new generation   total 49984K, used 5503K [0x00000000c0000000, 0x00000000c3630000, 0x00000000d5550000)
  eden space 44480K,   0% used [0x00000000c0000000, 0x00000000c0000000, 0x00000000c2b70000)
  from space 5504K,  99% used [0x00000000c2b70000, 0x00000000c30cfff8, 0x00000000c30d0000)
  to   space 5504K,   0% used [0x00000000c30d0000, 0x00000000c30d0000, 0x00000000c3630000)
 tenured generation   total 110856K, used 91993K [0x00000000d5550000, 0x00000000dc192000, 0x0000000100000000)
   the space 110856K,  82% used [0x00000000d5550000, 0x00000000daf267f0, 0x00000000daf26800, 0x00000000dc192000)
 Metaspace       used 99482K, capacity 102313K, committed 102360K, reserved 1138688K
  class space    used 13290K, capacity 13789K, committed 13824K, reserved 1048576K
}
Event: 1962.793 GC heap before
{Heap before GC invocations=1658 (full 14):
 def new generation   total 49984K, used 49983K [0x00000000c0000000, 0x00000000c3630000, 0x00000000d5550000)
  eden space 44480K, 100% used [0x00000000c0000000, 0x00000000c2b70000, 0x00000000c2b70000)
  from space 5504K,  99% used [0x00000000c2b70000, 0x00000000c30cfff8, 0x00000000c30d0000)
  to   space 5504K,   0% used [0x00000000c30d0000, 0x00000000c30d0000, 0x00000000c3630000)
 tenured generation   total 110856K, used 91993K [0x00000000d5550000, 0x00000000dc192000, 0x0000000100000000)
   the space 110856K,  82% used [0x00000000d5550000, 0x00000000daf267f0, 0x00000000daf26800, 0x00000000dc192000)
 Metaspace       used 99482K, capacity 102313K, committed 102360K, reserved 1138688K
  class space    used 13290K, capacity 13789K, committed 13824K, reserved 1048576K
Event: 1962.804 GC heap after
Heap after GC invocations=1659 (full 14):
 def new generation   total 49984K, used 4290K [0x00000000c0000000, 0x00000000c3630000, 0x00000000d5550000)
  eden space 44480K,   0% used [0x00000000c0000000, 0x00000000c0000000, 0x00000000c2b70000)
  from space 5504K,  77% used [0x00000000c30d0000, 0x00000000c3500998, 0x00000000c3630000)
  to   space 5504K,   0% used [0x00000000c2b70000, 0x00000000c2b70000, 0x00000000c30d0000)
 tenured generation   total 110856K, used 97432K [0x00000000d5550000, 0x00000000dc192000, 0x0000000100000000)
   the space 110856K,  87% used [0x00000000d5550000, 0x00000000db476370, 0x00000000db476400, 0x00000000dc192000)
 Metaspace       used 99482K, capacity 102313K, committed 102360K, reserved 1138688K
  class space    used 13290K, capacity 13789K, committed 13824K, reserved 1048576K
}
Event: 1962.888 GC heap before
{Heap before GC invocations=1659 (full 14):
 def new generation   total 49984K, used 48770K [0x00000000c0000000, 0x00000000c3630000, 0x00000000d5550000)
  eden space 44480K, 100% used [0x00000000c0000000, 0x00000000c2b70000, 0x00000000c2b70000)
  from space 5504K,  77% used [0x00000000c30d0000, 0x00000000c3500998, 0x00000000c3630000)
  to   space 5504K,   0% used [0x00000000c2b70000, 0x00000000c2b70000, 0x00000000c30d0000)
 tenured generation   total 110856K, used 97432K [0x00000000d5550000, 0x00000000dc192000, 0x0000000100000000)
   the space 110856K,  87% used [0x00000000d5550000, 0x00000000db476370, 0x00000000db476400, 0x00000000dc192000)
 Metaspace       used 99482K, capacity 102313K, committed 102360K, reserved 1138688K
  class space    used 13290K, capacity 13789K, committed 13824K, reserved 1048576K
Event: 1962.899 GC heap after
Heap after GC invocations=1660 (full 14):
 def new generation   total 49984K, used 70K [0x00000000c0000000, 0x00000000c3630000, 0x00000000d5550000)
  eden space 44480K,   0% used [0x00000000c0000000, 0x00000000c0000000, 0x00000000c2b70000)
  from space 5504K,   1% used [0x00000000c2b70000, 0x00000000c2b81b60, 0x00000000c30d0000)
  to   space 5504K,   0% used [0x00000000c30d0000, 0x00000000c30d0000, 0x00000000c3630000)
 tenured generation   total 110856K, used 101723K [0x00000000d5550000, 0x00000000dc192000, 0x0000000100000000)
   the space 110856K,  91% used [0x00000000d5550000, 0x00000000db8a6c10, 0x00000000db8a6e00, 0x00000000dc192000)
 Metaspace       used 99482K, capacity 102313K, committed 102360K, reserved 1138688K
  class space    used 13290K, capacity 13789K, committed 13824K, reserved 1048576K
}
Event: 1962.993 GC heap before
{Heap before GC invocations=1660 (full 14):
 def new generation   total 49984K, used 44550K [0x00000000c0000000, 0x00000000c3630000, 0x00000000d5550000)
  eden space 44480K, 100% used [0x00000000c0000000, 0x00000000c2b70000, 0x00000000c2b70000)
  from space 5504K,   1% used [0x00000000c2b70000, 0x00000000c2b81b60, 0x00000000c30d0000)
  to   space 5504K,   0% used [0x00000000c30d0000, 0x00000000c30d0000, 0x00000000c3630000)
 tenured generation   total 110856K, used 101723K [0x00000000d5550000, 0x00000000dc192000, 0x0000000100000000)
   the space 110856K,  91% used [0x00000000d5550000, 0x00000000db8a6c10, 0x00000000db8a6e00, 0x00000000dc192000)
 Metaspace       used 99483K, capacity 102313K, committed 102360K, reserved 1138688K
  class space    used 13290K, capacity 13789K, committed 13824K, reserved 1048576K
Event: 1962.999 GC heap after
Heap after GC invocations=1661 (full 14):
 def new generation   total 49984K, used 5504K [0x00000000c0000000, 0x00000000c3630000, 0x00000000d5550000)
  eden space 44480K,   0% used [0x00000000c0000000, 0x00000000c0000000, 0x00000000c2b70000)
  from space 5504K, 100% used [0x00000000c30d0000, 0x00000000c3630000, 0x00000000c3630000)
  to   space 5504K,   0% used [0x00000000c2b70000, 0x00000000c2b70000, 0x00000000c30d0000)
 tenured generation   total 110856K, used 102942K [0x00000000d5550000, 0x00000000dc192000, 0x0000000100000000)
   the space 110856K,  92% used [0x00000000d5550000, 0x00000000db9d7b00, 0x00000000db9d7c00, 0x00000000dc192000)
 Metaspace       used 99483K, capacity 102313K, committed 102360K, reserved 1138688K
  class space    used 13290K, capacity 13789K, committed 13824K, reserved 1048576K
}
Event: 1963.098 GC heap before
{Heap before GC invocations=1661 (full 14):
 def new generation   total 49984K, used 49984K [0x00000000c0000000, 0x00000000c3630000, 0x00000000d5550000)
  eden space 44480K, 100% used [0x00000000c0000000, 0x00000000c2b70000, 0x00000000c2b70000)
  from space 5504K, 100% used [0x00000000c30d0000, 0x00000000c3630000, 0x00000000c3630000)
  to   space 5504K,   0% used [0x00000000c2b70000, 0x00000000c2b70000, 0x00000000c30d0000)
 tenured generation   total 110856K, used 102942K [0x00000000d5550000, 0x00000000dc192000, 0x0000000100000000)
   the space 110856K,  92% used [0x00000000d5550000, 0x00000000db9d7b00, 0x00000000db9d7c00, 0x00000000dc192000)
 Metaspace       used 99483K, capacity 102313K, committed 102360K, reserved 1138688K
  class space    used 13290K, capacity 13789K, committed 13824K, reserved 1048576K

