# JRE version: OpenJDK Runtime Environment (8.0_222-b10) (build 1.8.0_222-8u222-b10-1ubuntu1~18.04.1-b10)
# Java VM: OpenJDK 64-Bit Server VM (25.222-b10 mixed mode linux-amd64 compressed oops)
Heap:
 def new generation   total 49728K, used 2521K [0x00000000c0000000, 0x00000000c35f0000, 0x00000000d5550000)
  eden space 44224K,   5% used [0x00000000c0000000, 0x00000000c0276790, 0x00000000c2b30000)
  from space 5504K,   0% used [0x00000000c3090000, 0x00000000c3090000, 0x00000000c35f0000)
  to   space 5504K,   0% used [0x00000000c2b30000, 0x00000000c2b30000, 0x00000000c3090000)
 tenured generation   total 117392K, used 117391K [0x00000000d5550000, 0x00000000dc7f4000, 0x0000000100000000)
   the space 117392K,  99% used [0x00000000d5550000, 0x00000000dc7f3ef8, 0x00000000dc7f4000, 0x00000000dc7f4000)
 Metaspace       used 99496K, capacity 102299K, committed 102616K, reserved 1138688K
  class space    used 13305K, capacity 13790K, committed 13824K, reserved 1048576K
GC Heap History (10 events):
Event: 284.956 GC heap after
Heap after GC invocations=1673 (full 14):
 def new generation   total 49728K, used 255K [0x00000000c0000000, 0x00000000c35f0000, 0x00000000d5550000)
  eden space 44224K,   0% used [0x00000000c0000000, 0x00000000c0000000, 0x00000000c2b30000)
  from space 5504K,   4% used [0x00000000c2b30000, 0x00000000c2b6fc20, 0x00000000c3090000)
  to   space 5504K,   0% used [0x00000000c3090000, 0x00000000c3090000, 0x00000000c35f0000)
 tenured generation   total 110288K, used 86822K [0x00000000d5550000, 0x00000000dc104000, 0x0000000100000000)
   the space 110288K,  78% used [0x00000000d5550000, 0x00000000daa19a90, 0x00000000daa19c00, 0x00000000dc104000)
 Metaspace       used 99202K, capacity 102001K, committed 102360K, reserved 1138688K
  class space    used 13233K, capacity 13719K, committed 13824K, reserved 1048576K
}
Event: 285.144 GC heap before
{Heap before GC invocations=1673 (full 14):
 def new generation   total 49728K, used 44479K [0x00000000c0000000, 0x00000000c35f0000, 0x00000000d5550000)
  eden space 44224K, 100% used [0x00000000c0000000, 0x00000000c2b30000, 0x00000000c2b30000)
  from space 5504K,   4% used [0x00000000c2b30000, 0x00000000c2b6fc20, 0x00000000c3090000)
  to   space 5504K,   0% used [0x00000000c3090000, 0x00000000c3090000, 0x00000000c35f0000)
 tenured generation   total 110288K, used 86822K [0x00000000d5550000, 0x00000000dc104000, 0x0000000100000000)
   the space 110288K,  78% used [0x00000000d5550000, 0x00000000daa19a90, 0x00000000daa19c00, 0x00000000dc104000)
 Metaspace       used 99492K, capacity 102293K, committed 102616K, reserved 1138688K
  class space    used 13304K, capacity 13789K, committed 13824K, reserved 1048576K
Event: 285.148 GC heap after
Heap after GC invocations=1674 (full 14):
 def new generation   total 49728K, used 1245K [0x00000000c0000000, 0x00000000c35f0000, 0x00000000d5550000)
  eden space 44224K,   0% used [0x00000000c0000000, 0x00000000c0000000, 0x00000000c2b30000)
  from space 5504K,  22% used [0x00000000c3090000, 0x00000000c31c7738, 0x00000000c35f0000)
  to   space 5504K,   0% used [0x00000000c2b30000, 0x00000000c2b30000, 0x00000000c3090000)
 tenured generation   total 110288K, used 86822K [0x00000000d5550000, 0x00000000dc104000, 0x0000000100000000)
   the space 110288K,  78% used [0x00000000d5550000, 0x00000000daa19a90, 0x00000000daa19c00, 0x00000000dc104000)
 Metaspace       used 99492K, capacity 102293K, committed 102616K, reserved 1138688K
  class space    used 13304K, capacity 13789K, committed 13824K, reserved 1048576K
}
Event: 285.242 GC heap before
{Heap before GC invocations=1674 (full 14):
 def new generation   total 49728K, used 45469K [0x00000000c0000000, 0x00000000c35f0000, 0x00000000d5550000)
  eden space 44224K, 100% used [0x00000000c0000000, 0x00000000c2b30000, 0x00000000c2b30000)
  from space 5504K,  22% used [0x00000000c3090000, 0x00000000c31c7738, 0x00000000c35f0000)
  to   space 5504K,   0% used [0x00000000c2b30000, 0x00000000c2b30000, 0x00000000c3090000)
 tenured generation   total 110288K, used 86822K [0x00000000d5550000, 0x00000000dc104000, 0x0000000100000000)
   the space 110288K,  78% used [0x00000000d5550000, 0x00000000daa19a90, 0x00000000daa19c00, 0x00000000dc104000)
 Metaspace       used 99496K, capacity 102299K, committed 102616K, reserved 1138688K
  class space    used 13305K, capacity 13790K, committed 13824K, reserved 1048576K
Event: 285.248 GC heap after
Heap after GC invocations=1675 (full 14):
 def new generation   total 49728K, used 5504K [0x00000000c0000000, 0x00000000c35f0000, 0x00000000d5550000)
  eden space 44224K,   0% used [0x00000000c0000000, 0x00000000c0000000, 0x00000000c2b30000)
  from space 5504K, 100% used [0x00000000c2b30000, 0x00000000c3090000, 0x00000000c3090000)
  to   space 5504K,   0% used [0x00000000c3090000, 0x00000000c3090000, 0x00000000c35f0000)
 tenured generation   total 110288K, used 87758K [0x00000000d5550000, 0x00000000dc104000, 0x0000000100000000)
   the space 110288K,  79% used [0x00000000d5550000, 0x00000000dab03a88, 0x00000000dab03c00, 0x00000000dc104000)
 Metaspace       used 99496K, capacity 102299K, committed 102616K, reserved 1138688K
  class space    used 13305K, capacity 13790K, committed 13824K, reserved 1048576K
}
Event: 285.338 GC heap before
{Heap before GC invocations=1675 (full 14):
 def new generation   total 49728K, used 49728K [0x00000000c0000000, 0x00000000c35f0000, 0x00000000d5550000)
  eden space 44224K, 100% used [0x00000000c0000000, 0x00000000c2b30000, 0x00000000c2b30000)
  from space 5504K, 100% used [0x00000000c2b30000, 0x00000000c3090000, 0x00000000c3090000)
  to   space 5504K,   0% used [0x00000000c3090000, 0x00000000c3090000, 0x00000000c35f0000)
 tenured generation   total 110288K, used 87758K [0x00000000d5550000, 0x00000000dc104000, 0x0000000100000000)
   the space 110288K,  79% used [0x00000000d5550000, 0x00000000dab03a88, 0x00000000dab03c00, 0x00000000dc104000)
 Metaspace       used 99496K, capacity 102299K, committed 102616K, reserved 1138688K
  class space    used 13305K, capacity 13790K, committed 13824K, reserved 1048576K
Event: 285.347 GC heap after
Heap after GC invocations=1676 (full 14):
 def new generation   total 49728K, used 5504K [0x00000000c0000000, 0x00000000c35f0000, 0x00000000d5550000)
  eden space 44224K,   0% used [0x00000000c0000000, 0x00000000c0000000, 0x00000000c2b30000)
  from space 5504K, 100% used [0x00000000c3090000, 0x00000000c35f0000, 0x00000000c35f0000)
  to   space 5504K,   0% used [0x00000000c2b30000, 0x00000000c2b30000, 0x00000000c3090000)
 tenured generation   total 110288K, used 97167K [0x00000000d5550000, 0x00000000dc104000, 0x0000000100000000)
   the space 110288K,  88% used [0x00000000d5550000, 0x00000000db433f98, 0x00000000db434000, 0x00000000dc104000)
 Metaspace       used 99496K, capacity 102299K, committed 102616K, reserved 1138688K
  class space    used 13305K, capacity 13790K, committed 13824K, reserved 1048576K
}
Event: 285.440 GC heap before
{Heap before GC invocations=1676 (full 14):
 def new generation   total 49728K, used 49728K [0x00000000c0000000, 0x00000000c35f0000, 0x00000000d5550000)
  eden space 44224K, 100% used [0x00000000c0000000, 0x00000000c2b30000, 0x00000000c2b30000)
  from space 5504K, 100% used [0x00000000c3090000, 0x00000000c35f0000, 0x00000000c35f0000)
  to   space 5504K,   0% used [0x00000000c2b30000, 0x00000000c2b30000, 0x00000000c3090000)
 tenured generation   total 110288K, used 97167K [0x00000000d5550000, 0x00000000dc104000, 0x0000000100000000)
   the space 110288K,  88% used [0x00000000d5550000, 0x00000000db433f98, 0x00000000db434000, 0x00000000dc104000)
 Metaspace       used 99496K, capacity 102299K, committed 102616K, reserved 1138688K
  class space    used 13305K, capacity 13790K, committed 13824K, reserved 1048576K
Event: 285.449 GC heap after
Heap after GC invocations=1677 (full 14):
 def new generation   total 49728K, used 5504K [0x00000000c0000000, 0x00000000c35f0000, 0x00000000d5550000)
  eden space 44224K,   0% used [0x00000000c0000000, 0x00000000c0000000, 0x00000000c2b30000)
  from space 5504K, 100% used [0x00000000c2b30000, 0x00000000c3090000, 0x00000000c3090000)
  to   space 5504K,   0% used [0x00000000c3090000, 0x00000000c3090000, 0x00000000c35f0000)
 tenured generation   total 110288K, used 107343K [0x00000000d5550000, 0x00000000dc104000, 0x0000000100000000)
   the space 110288K,  97% used [0x00000000d5550000, 0x00000000dbe23e50, 0x00000000dbe24000, 0x00000000dc104000)
 Metaspace       used 99496K, capacity 102299K, committed 102616K, reserved 1138688K
  class space    used 13305K, capacity 13790K, committed 13824K, reserved 1048576K
}
Event: 285.541 GC heap before
{Heap before GC invocations=1677 (full 14):
 def new generation   total 49728K, used 49728K [0x00000000c0000000, 0x00000000c35f0000, 0x00000000d5550000)
  eden space 44224K, 100% used [0x00000000c0000000, 0x00000000c2b30000, 0x00000000c2b30000)
  from space 5504K, 100% used [0x00000000c2b30000, 0x00000000c3090000, 0x00000000c3090000)
  to   space 5504K,   0% used [0x00000000c3090000, 0x00000000c3090000, 0x00000000c35f0000)
 tenured generation   total 110288K, used 107343K [0x00000000d5550000, 0x00000000dc104000, 0x0000000100000000)
   the space 110288K,  97% used [0x00000000d5550000, 0x00000000dbe23e50, 0x00000000dbe24000, 0x00000000dc104000)
 Metaspace       used 99496K, capacity 102299K, committed 102616K, reserved 1138688K
  class space    used 13305K, capacity 13790K, committed 13824K, reserved 1048576K

